Arguments: 
  D:\Softwares\nodejs\node.exe D:\Softwares\nodejs\node_modules\yarn\bin\yarn.js add dnext react react-dom

PATH: 
  D:\Softwares\Git\mingw64\bin;D:\Softwares\Git\usr\bin;C:\Users\thanh\bin;C:\Users\thanh\AppData\Local\Programs\Python\Python311\Scripts;C:\Users\thanh\AppData\Local\Programs\Python\Python311;D:\Softwares\php-8.1.15;C:\Program Files\Common Files\Oracle\Java\javapath;C:\Program Files (x86)\NVIDIA Corporation\PhysX\Common;C:\WINDOWS\system32;C:\WINDOWS;C:\WINDOWS\System32\Wbem;C:\WINDOWS\System32\WindowsPowerShell\v1.0;C:\WINDOWS\System32\OpenSSH;D:\Softwares\VSCode\bin;D:\Softwares\nvim\bin;D:\Softwares\Git\mingw64\bin;D:\Softwares\Git\usr\bin;D:\Softwares\Git\cmd;D:\Softwares\GithubCLI;D:\Softwares\GnuWin32\bin;D:\Softwares\Mingw\mingw64\bin;C:\Program Files\Azure Data Studio\bin;C:\Program Files\Microsoft SQL Server\Client SDK\ODBC\170\Tools\Binn;C:\Program Files (x86)\Microsoft SQL Server\150\Tools\Binn;C:\Program Files\Microsoft SQL Server\150\Tools\Binn;C:\Program Files\Microsoft SQL Server\150\DTS\Binn;D:\Softwares\Java\jdk-17.0.1\bin;C:\WINDOWS\system32;C:\WINDOWS;C:\WINDOWS\System32\Wbem;C:\WINDOWS\System32\WindowsPowerShell\v1.0;C:\WINDOWS\System32\OpenSSH;C:\Program Files\dotnet;C:\ProgramData\chocolatey\bin;C:\tools\php72;D:\Softwares\nvm;D:\Softwares\nodejs;D:\Softwares\Mongosh\mongosh-1.6.0-win32-x64\bin;C:\Program Files\MySQL\MySQL Shell 8.0\bin;C:\Users\thanh\AppData\Local\Microsoft\WindowsApps;D:\Softwares\IntelliJ IDEA 2021.3\bin;C:\Users\thanh\AppData\Roaming\npm;C:\Users\thanh\.dotnet\tools;D:\Softwares\.phpenv\bin;D:\Softwares\mongodb\mongosh-1.6.0-win32-x64\mongosh-1.6.0-win32-x64\bin;D:\Softwares\nginx\nginx-1.22.0\nginx-1.22.0

Yarn version: 
  1.22.19

Node version: 
  18.6.0

Platform: 
  win32 x64

Trace: 
  Error: https://registry.yarnpkg.com/dnext: Not found
      at params.callback [as _callback] (D:\Softwares\nvm\v18.6.0\node_modules\yarn\lib\cli.js:66145:18)
      at self.callback (D:\Softwares\nvm\v18.6.0\node_modules\yarn\lib\cli.js:140890:22)
      at Request.emit (node:events:513:28)
      at Request.<anonymous> (D:\Softwares\nvm\v18.6.0\node_modules\yarn\lib\cli.js:141862:10)
      at Request.emit (node:events:513:28)
      at IncomingMessage.<anonymous> (D:\Softwares\nvm\v18.6.0\node_modules\yarn\lib\cli.js:141784:12)
      at Object.onceWrapper (node:events:627:28)
      at IncomingMessage.emit (node:events:525:35)
      at endReadableNT (node:internal/streams/readable:1359:12)
      at process.processTicksAndRejections (node:internal/process/task_queues:82:21)

npm manifest: 
  {
    "name": "learn-to-earn",
    "version": "0.1.0",
    "private": true,
    "scripts": {
    },
    "dependencies": {
      "@openzeppelin/contracts": ">=4.8.2"
    },
    "devDependencies": {
    }
  }

yarn manifest: 
  No manifest

Lockfile: 
  # THIS IS AN AUTOGENERATED FILE. DO NOT EDIT THIS FILE DIRECTLY.
  # yarn lockfile v1
  
  
  "@openzeppelin/contracts@>=4.8.2":
    version "4.8.2"
    resolved "https://registry.yarnpkg.com/@openzeppelin/contracts/-/contracts-4.8.2.tgz#d815ade0027b50beb9bcca67143c6bcc3e3923d6"
    integrity sha512-kEUOgPQszC0fSYWpbh2kT94ltOJwj1qfT2DWo+zVttmGmf97JZ99LspePNaeeaLhCImaHVeBbjaQFZQn7+Zc5g==
